<?xml version="1.0" encoding="UTF-8"?>
<!-- Generated by org.testng.reporters.JUnitXMLReporter -->
<testsuite ignored="0" hostname="SW-AMIR" failures="1" tests="1" name="Test2" time="0.012" errors="0" timestamp="15 Feb 2020 12:16:37 GMT">
  <testcase classname="testcases.TestFailure" name="dologin" time="0.005">
    <failure type="java.lang.AssertionError" message="dologin failed">
      <![CDATA[java.lang.AssertionError: dologin failed
at testcases.TestFailure.dologin(TestFailure.java:10)
... Removed 26 stack frames]]>
    </failure>
  </testcase> <!-- dologin -->
</testsuite> <!-- Test2 -->
