<?xml version="1.0" encoding="UTF-8"?>
<testng-results ignored="0" total="1" passed="1" failed="0" skipped="0">
  <reporter-output>
  </reporter-output>
  <suite started-at="2020-02-19T04:06:41Z" name="Command line suite" finished-at="2020-02-19T04:06:41Z" duration-ms="47">
    <groups>
    </groups>
    <test started-at="2020-02-19T04:06:41Z" name="Command line test" finished-at="2020-02-19T04:06:41Z" duration-ms="47">
      <class name="testcases.TestFailure">
        <test-method signature="mylogin()[pri:0, instance:testcases.TestFailure@59906517]" started-at="2020-02-19T04:06:41Z" name="mylogin" finished-at="2020-02-19T04:06:41Z" duration-ms="12" status="PASS">
          <reporter-output>
          </reporter-output>
        </test-method> <!-- mylogin -->
      </class> <!-- testcases.TestFailure -->
    </test> <!-- Command line test -->
  </suite> <!-- Command line suite -->
</testng-results>
