<?xml version="1.0" encoding="UTF-8"?>
<testng-results ignored="0" total="3" passed="3" failed="0" skipped="0">
  <reporter-output>
    <line>
      <![CDATA[Passed Screen Shot]]>
    </line>
    <line>
      <![CDATA[Passed Screen Shot]]>
    </line>
    <line>
      <![CDATA[Passed Screen Shot]]>
    </line>
  </reporter-output>
  <suite started-at="2020-02-18T15:03:13Z" name="Suite" finished-at="2020-02-18T15:03:13Z" duration-ms="145">
    <groups>
      <group name="functional">
        <method signature="testNGcase.login()[pri:0, instance:testcases.testNGcase@73eb439a]" name="login" class="testcases.testNGcase"/>
      </group> <!-- functional -->
    </groups>
    <test started-at="2020-02-18T15:03:13Z" name="DefaultCase" finished-at="2020-02-18T15:03:13Z" duration-ms="57">
      <class name="testcases.testNGcase">
        <test-method signature="dologin()[pri:0, instance:testcases.testNGcase@73eb439a]" started-at="2020-02-18T15:03:13Z" name="dologin" finished-at="2020-02-18T15:03:13Z" duration-ms="10" status="PASS">
          <reporter-output>
            <line>
              <![CDATA[Passed Screen Shot]]>
            </line>
          </reporter-output>
        </test-method> <!-- dologin -->
        <test-method signature="login()[pri:0, instance:testcases.testNGcase@73eb439a]" started-at="2020-02-18T15:03:13Z" name="login" finished-at="2020-02-18T15:03:13Z" duration-ms="3" status="PASS">
          <reporter-output>
            <line>
              <![CDATA[Passed Screen Shot]]>
            </line>
          </reporter-output>
        </test-method> <!-- login -->
      </class> <!-- testcases.testNGcase -->
    </test> <!-- DefaultCase -->
    <test started-at="2020-02-18T15:03:13Z" name="Failure" finished-at="2020-02-18T15:03:13Z" duration-ms="13">
      <class name="testcases.TestFailure">
        <test-method signature="mylogin()[pri:0, instance:testcases.TestFailure@eadd4fb]" started-at="2020-02-18T15:03:13Z" name="mylogin" finished-at="2020-02-18T15:03:13Z" duration-ms="4" status="PASS">
          <reporter-output>
            <line>
              <![CDATA[Passed Screen Shot]]>
            </line>
          </reporter-output>
        </test-method> <!-- mylogin -->
      </class> <!-- testcases.TestFailure -->
    </test> <!-- Failure -->
  </suite> <!-- Suite -->
</testng-results>
